#! /opt/homebrew/Cellar/icarus-verilog/12.0/bin/vvp
:ivl_version "12.0 (stable)";
:ivl_delay_selection "TYPICAL";
:vpi_time_precision - 12;
:vpi_module "/opt/homebrew/Cellar/icarus-verilog/12.0/lib/ivl/system.vpi";
:vpi_module "/opt/homebrew/Cellar/icarus-verilog/12.0/lib/ivl/vhdl_sys.vpi";
:vpi_module "/opt/homebrew/Cellar/icarus-verilog/12.0/lib/ivl/vhdl_textio.vpi";
:vpi_module "/opt/homebrew/Cellar/icarus-verilog/12.0/lib/ivl/v2005_math.vpi";
:vpi_module "/opt/homebrew/Cellar/icarus-verilog/12.0/lib/ivl/va_math.vpi";
S_0x13c60a2a0 .scope module, "rng_tb" "rng_tb" 2 3;
 .timescale -9 -12;
v0x13c621bf0_0 .var "clk", 0 0;
v0x13c621c80_0 .var "current", 31 0;
v0x13c621d10_0 .var/i "i", 31 0;
v0x13c621dc0_0 .net "next", 31 0, L_0x13c622730;  1 drivers
E_0x13c60f4c0 .event posedge, v0x13c621bf0_0;
S_0x13c60a410 .scope module, "dut" "rng" 2 9, 3 1 0, S_0x13c60a2a0;
 .timescale -9 -12;
    .port_info 0 /INPUT 32 "current";
    .port_info 1 /OUTPUT 32 "next";
L_0x13c6220e0 .functor XOR 32, v0x13c621c80_0, L_0x13c621f80, C4<00000000000000000000000000000000>, C4<00000000000000000000000000000000>;
L_0x13c622410 .functor XOR 32, L_0x13c6220e0, L_0x13c6222b0, C4<00000000000000000000000000000000>, C4<00000000000000000000000000000000>;
L_0x13c622730 .functor XOR 32, L_0x13c622410, L_0x13c6225d0, C4<00000000000000000000000000000000>, C4<00000000000000000000000000000000>;
v0x13c60e6f0_0 .net *"_ivl_0", 31 0, L_0x13c621f80;  1 drivers
v0x13c6212f0_0 .net *"_ivl_10", 14 0, L_0x13c622190;  1 drivers
L_0x140078058 .functor BUFT 1, C4<00000000000000000>, C4<0>, C4<0>, C4<0>;
v0x13c621390_0 .net *"_ivl_12", 16 0, L_0x140078058;  1 drivers
v0x13c621440_0 .net *"_ivl_16", 31 0, L_0x13c6225d0;  1 drivers
v0x13c6214f0_0 .net *"_ivl_18", 26 0, L_0x13c6224c0;  1 drivers
v0x13c6215e0_0 .net *"_ivl_2", 18 0, L_0x13c621e80;  1 drivers
L_0x1400780a0 .functor BUFT 1, C4<00000>, C4<0>, C4<0>, C4<0>;
v0x13c621690_0 .net *"_ivl_20", 4 0, L_0x1400780a0;  1 drivers
L_0x140078010 .functor BUFT 1, C4<0000000000000>, C4<0>, C4<0>, C4<0>;
v0x13c621740_0 .net *"_ivl_4", 12 0, L_0x140078010;  1 drivers
v0x13c6217f0_0 .net *"_ivl_8", 31 0, L_0x13c6222b0;  1 drivers
v0x13c621900_0 .net "current", 31 0, v0x13c621c80_0;  1 drivers
v0x13c6219b0_0 .net "next", 31 0, L_0x13c622730;  alias, 1 drivers
v0x13c621a60_0 .net "next1", 31 0, L_0x13c6220e0;  1 drivers
v0x13c621b10_0 .net "next2", 31 0, L_0x13c622410;  1 drivers
L_0x13c621e80 .part v0x13c621c80_0, 0, 19;
L_0x13c621f80 .concat [ 13 19 0 0], L_0x140078010, L_0x13c621e80;
L_0x13c622190 .part L_0x13c6220e0, 17, 15;
L_0x13c6222b0 .concat [ 15 17 0 0], L_0x13c622190, L_0x140078058;
L_0x13c6224c0 .part L_0x13c622410, 0, 27;
L_0x13c6225d0 .concat [ 5 27 0 0], L_0x1400780a0, L_0x13c6224c0;
    .scope S_0x13c60a2a0;
T_0 ;
    %pushi/vec4 0, 0, 1;
    %store/vec4 v0x13c621bf0_0, 0, 1;
T_0.0 ;
    %delay 5000, 0;
    %load/vec4 v0x13c621bf0_0;
    %inv;
    %store/vec4 v0x13c621bf0_0, 0, 1;
    %jmp T_0.0;
    %end;
    .thread T_0;
    .scope S_0x13c60a2a0;
T_1 ;
    %pushi/vec4 1, 0, 32;
    %store/vec4 v0x13c621c80_0, 0, 32;
    %vpi_call 2 25 "$display", "Time\011\011current\011\011\011\011next" {0 0 0};
    %vpi_call 2 26 "$display", "---------------------------------------------------------" {0 0 0};
    %pushi/vec4 0, 0, 32;
    %store/vec4 v0x13c621d10_0, 0, 32;
T_1.0 ;
    %load/vec4 v0x13c621d10_0;
    %cmpi/s 100, 0, 32;
    %jmp/0xz T_1.1, 5;
    %wait E_0x13c60f4c0;
    %load/vec4 v0x13c621c80_0;
    %pushi/vec4 52, 0, 32;
    %mod;
    %pushi/vec4 13, 0, 32;
    %mod;
    %addi 1, 0, 32;
    %load/vec4 v0x13c621dc0_0;
    %pushi/vec4 52, 0, 32;
    %mod;
    %pushi/vec4 13, 0, 32;
    %mod;
    %addi 1, 0, 32;
    %vpi_call 2 31 "$display", "%0t\011%d\011%0d\011->\011%d\011%0d", $time, v0x13c621c80_0, S<1,vec4,u32>, v0x13c621dc0_0, S<0,vec4,u32> {2 0 0};
    %load/vec4 v0x13c621dc0_0;
    %assign/vec4 v0x13c621c80_0, 0;
    %load/vec4 v0x13c621d10_0;
    %addi 1, 0, 32;
    %store/vec4 v0x13c621d10_0, 0, 32;
    %jmp T_1.0;
T_1.1 ;
    %vpi_call 2 35 "$finish" {0 0 0};
    %end;
    .thread T_1;
# The file index is used to find the file name in the following table.
:file_names 4;
    "N/A";
    "<interactive>";
    "rng_tb.v";
    "rng.v";
