Copyright 1986-2022 Xilinx, Inc. All Rights Reserved. Copyright 2022-2024 Advanced Micro Devices, Inc. All Rights Reserved.
-------------------------------------------------------------------------------------------------------------------------------------------------
| Tool Version     : Vivado v.2024.2 (win64) Build 5239630 Fri Nov 08 22:35:27 MST 2024
| Date             : Fri Apr 25 13:55:03 2025
| Host             : Nimaye-PC running 64-bit major release  (build 9200)
| Command          : report_power -file Wrapper_power_routed.rpt -pb Wrapper_power_summary_routed.pb -rpx Wrapper_power_routed.rpx
| Design           : Wrapper
| Device           : xc7a100tcsg324-1
| Design State     : routed
| Grade            : commercial
| Process          : typical
| Characterization : Production
-------------------------------------------------------------------------------------------------------------------------------------------------

Power Report

Table of Contents
-----------------
1. Summary
1.1 On-Chip Components
1.2 Power Supply Summary
1.3 Confidence Level
2. Settings
2.1 Environment
2.2 Clock Constraints
3. Detailed Reports
3.1 By Hierarchy

1. Summary
----------

+--------------------------+--------------+
| Total On-Chip Power (W)  | 0.229        |
| Design Power Budget (W)  | Unspecified* |
| Power Budget Margin (W)  | NA           |
| Dynamic (W)              | 0.129        |
| Device Static (W)        | 0.100        |
| Effective TJA (C/W)      | 4.6          |
| Max Ambient (C)          | 84.0         |
| Junction Temperature (C) | 26.0         |
| Confidence Level         | Medium       |
| Setting File             | ---          |
| Simulation Activity File | ---          |
| Design Nets Matched      | NA           |
+--------------------------+--------------+
* Specify Design Power Budget using, set_operating_conditions -design_power_budget <value in Watts>


1.1 On-Chip Components
----------------------

+----------------+-----------+----------+-----------+-----------------+
| On-Chip        | Power (W) | Used     | Available | Utilization (%) |
+----------------+-----------+----------+-----------+-----------------+
| Clocks         |     0.003 |        8 |       --- |             --- |
| Slice Logic    |     0.005 |     5282 |       --- |             --- |
|   LUT as Logic |     0.005 |     2322 |     63400 |            3.66 |
|   Register     |    <0.001 |     1748 |    126800 |            1.38 |
|   F7/F8 Muxes  |    <0.001 |      256 |     63400 |            0.40 |
|   CARRY4       |    <0.001 |       13 |     15850 |            0.08 |
|   Others       |     0.000 |      572 |       --- |             --- |
| Signals        |     0.007 |     3959 |       --- |             --- |
| Block RAM      |     0.016 |       45 |       135 |           33.33 |
| PLL            |     0.098 |        1 |         6 |           16.67 |
| DSPs           |    <0.001 |        4 |       240 |            1.67 |
| I/O            |    <0.001 |       34 |       210 |           16.19 |
| Static Power   |     0.100 |          |           |                 |
| Total          |     0.229 |          |           |                 |
+----------------+-----------+----------+-----------+-----------------+


1.2 Power Supply Summary
------------------------

+-----------+-------------+-----------+-------------+------------+-------------+-------------+------------+
| Source    | Voltage (V) | Total (A) | Dynamic (A) | Static (A) | Powerup (A) | Budget (A)  | Margin (A) |
+-----------+-------------+-----------+-------------+------------+-------------+-------------+------------+
| Vccint    |       1.000 |     0.055 |       0.038 |      0.016 |       NA    | Unspecified | NA         |
| Vccaux    |       1.800 |     0.068 |       0.049 |      0.018 |       NA    | Unspecified | NA         |
| Vcco33    |       3.300 |     0.004 |       0.000 |      0.004 |       NA    | Unspecified | NA         |
| Vcco25    |       2.500 |     0.000 |       0.000 |      0.000 |       NA    | Unspecified | NA         |
| Vcco18    |       1.800 |     0.000 |       0.000 |      0.000 |       NA    | Unspecified | NA         |
| Vcco15    |       1.500 |     0.000 |       0.000 |      0.000 |       NA    | Unspecified | NA         |
| Vcco135   |       1.350 |     0.000 |       0.000 |      0.000 |       NA    | Unspecified | NA         |
| Vcco12    |       1.200 |     0.000 |       0.000 |      0.000 |       NA    | Unspecified | NA         |
| Vccaux_io |       1.800 |     0.000 |       0.000 |      0.000 |       NA    | Unspecified | NA         |
| Vccbram   |       1.000 |     0.003 |       0.001 |      0.001 |       NA    | Unspecified | NA         |
| MGTAVcc   |       1.000 |     0.000 |       0.000 |      0.000 |       NA    | Unspecified | NA         |
| MGTAVtt   |       1.200 |     0.000 |       0.000 |      0.000 |       NA    | Unspecified | NA         |
| Vccadc    |       1.800 |     0.020 |       0.000 |      0.020 |       NA    | Unspecified | NA         |
+-----------+-------------+-----------+-------------+------------+-------------+-------------+------------+


1.3 Confidence Level
--------------------

+-----------------------------+------------+-------------------------------------------------------+------------------------------------------------------------------------------------------------------------+
| User Input Data             | Confidence | Details                                               | Action                                                                                                     |
+-----------------------------+------------+-------------------------------------------------------+------------------------------------------------------------------------------------------------------------+
| Design implementation state | High       | Design is routed                                      |                                                                                                            |
| Clock nodes activity        | High       | User specified more than 95% of clocks                |                                                                                                            |
| I/O nodes activity          | Medium     | More than 5% of inputs are missing user specification | Provide missing input activity with simulation results or by editing the "By Resource Type -> I/Os" view   |
| Internal nodes activity     | Medium     | User specified less than 25% of internal nodes        | Provide missing internal nodes activity with simulation results or by editing the "By Resource Type" views |
| Device models               | High       | Device models are Production                          |                                                                                                            |
|                             |            |                                                       |                                                                                                            |
| Overall confidence level    | Medium     |                                                       |                                                                                                            |
+-----------------------------+------------+-------------------------------------------------------+------------------------------------------------------------------------------------------------------------+


2. Settings
-----------

2.1 Environment
---------------

+-----------------------+--------------------------+
| Ambient Temp (C)      | 25.0                     |
| ThetaJA (C/W)         | 4.6                      |
| Airflow (LFM)         | 250                      |
| Heat Sink             | medium (Medium Profile)  |
| ThetaSA (C/W)         | 4.6                      |
| Board Selection       | medium (10"x10")         |
| # of Board Layers     | 12to15 (12 to 15 Layers) |
| Board Temperature (C) | 25.0                     |
+-----------------------+--------------------------+


2.2 Clock Constraints
---------------------

+----------------------+-----------------------------+-----------------+
| Clock                | Domain                      | Constraint (ns) |
+----------------------+-----------------------------+-----------------+
| clk_100mhz           | clk_100mhz                  |            10.0 |
| clk_out1_clk_wiz_0   | pll/inst/clk_out1_clk_wiz_0 |            40.0 |
| clk_out1_clk_wiz_0_1 | pll/inst/clk_out1_clk_wiz_0 |            40.0 |
| clkfbout_clk_wiz_0   | pll/inst/clkfbout_clk_wiz_0 |            40.0 |
| clkfbout_clk_wiz_0_1 | pll/inst/clkfbout_clk_wiz_0 |            40.0 |
| sys_clk_pin          | clk_100mhz                  |            10.0 |
+----------------------+-----------------------------+-----------------+


3. Detailed Reports
-------------------

3.1 By Hierarchy
----------------

+------------------------+-----------+
| Name                   | Power (W) |
+------------------------+-----------+
| Wrapper                |     0.129 |
|   CPU                  |     0.011 |
|     dx_insn            |     0.003 |
|       dffe_gen[21].dff |     0.002 |
|     md_unit            |     0.003 |
|       multiply         |     0.001 |
|     mw_insn            |     0.001 |
|   InstMem              |     0.002 |
|   ProcMem              |     0.003 |
|   RegisterFile         |     0.002 |
|   VGA_display          |     0.012 |
|     ImageData          |     0.005 |
|     ImageDataBTN       |     0.005 |
|   pll                  |     0.098 |
|     inst               |     0.098 |
+------------------------+-----------+


